# JRE version: Java(TM) SE Runtime Environment (8.0_144-b01) (build 1.8.0_144-b01)
# Java VM: Java HotSpot(TM) 64-Bit Server VM (25.144-b01 mixed mode windows-amd64 compressed oops)
Heap:
 PSYoungGen      total 192000K, used 7376K [0x00000000d5f80000, 0x00000000e3e80000, 0x0000000100000000)
  eden space 162816K, 4% used [0x00000000d5f80000,0x00000000d66b4220,0x00000000dfe80000)
  from space 29184K, 0% used [0x00000000dfe80000,0x00000000dfe80000,0x00000000e1b00000)
  to   space 28672K, 0% used [0x00000000e2280000,0x00000000e2280000,0x00000000e3e80000)
 ParOldGen       total 79360K, used 40397K [0x0000000081e00000, 0x0000000086b80000, 0x00000000d5f80000)
  object space 79360K, 50% used [0x0000000081e00000,0x0000000084573748,0x0000000086b80000)
 Metaspace       used 30011K, capacity 30946K, committed 32512K, reserved 1077248K
  class space    used 3541K, capacity 3832K, committed 4096K, reserved 1048576K
GC Heap History (10 events):
Event: 12.089 GC heap before
{Heap before GC invocations=9 (full 1):
 PSYoungGen      total 147968K, used 12227K [0x00000000d5f80000, 0x00000000e0080000, 0x0000000100000000)
  eden space 132608K, 0% used [0x00000000d5f80000,0x00000000d5f80000,0x00000000de100000)
  from space 15360K, 79% used [0x00000000df080000,0x00000000dfc70e70,0x00000000dff80000)
  to   space 15872K, 0% used [0x00000000de100000,0x00000000de100000,0x00000000df080000)
 ParOldGen       total 87552K, used 20450K [0x0000000081e00000, 0x0000000087380000, 0x00000000d5f80000)
  object space 87552K, 23% used [0x0000000081e00000,0x00000000831f8840,0x0000000087380000)
 Metaspace       used 20643K, capacity 21152K, committed 21296K, reserved 1069056K
  class space    used 2457K, capacity 2656K, committed 2688K, reserved 1048576K
Event: 12.274 GC heap after
Heap after GC invocations=9 (full 1):
 PSYoungGen      total 147968K, used 0K [0x00000000d5f80000, 0x00000000e0080000, 0x0000000100000000)
  eden space 132608K, 0% used [0x00000000d5f80000,0x00000000d5f80000,0x00000000de100000)
  from space 15360K, 0% used [0x00000000df080000,0x00000000df080000,0x00000000dff80000)
  to   space 15872K, 0% used [0x00000000de100000,0x00000000de100000,0x00000000df080000)
 ParOldGen       total 79360K, used 24427K [0x0000000081e00000, 0x0000000086b80000, 0x00000000d5f80000)
  object space 79360K, 30% used [0x0000000081e00000,0x00000000835daec8,0x0000000086b80000)
 Metaspace       used 20643K, capacity 21152K, committed 21296K, reserved 1069056K
  class space    used 2457K, capacity 2656K, committed 2688K, reserved 1048576K
}
Event: 16.284 GC heap before
{Heap before GC invocations=10 (full 1):
 PSYoungGen      total 147968K, used 132608K [0x00000000d5f80000, 0x00000000e0080000, 0x0000000100000000)
  eden space 132608K, 100% used [0x00000000d5f80000,0x00000000de100000,0x00000000de100000)
  from space 15360K, 0% used [0x00000000df080000,0x00000000df080000,0x00000000dff80000)
  to   space 15872K, 0% used [0x00000000de100000,0x00000000de100000,0x00000000df080000)
 ParOldGen       total 79360K, used 24427K [0x0000000081e00000, 0x0000000086b80000, 0x00000000d5f80000)
  object space 79360K, 30% used [0x0000000081e00000,0x00000000835daec8,0x0000000086b80000)
 Metaspace       used 24020K, capacity 24692K, committed 24832K, reserved 1071104K
  class space    used 2804K, capacity 3007K, committed 3072K, reserved 1048576K
Event: 16.319 GC heap after
Heap after GC invocations=10 (full 1):
 PSYoungGen      total 148480K, used 15851K [0x00000000d5f80000, 0x00000000e2d00000, 0x0000000100000000)
  eden space 132608K, 0% used [0x00000000d5f80000,0x00000000d5f80000,0x00000000de100000)
  from space 15872K, 99% used [0x00000000de100000,0x00000000df07ae80,0x00000000df080000)
  to   space 18432K, 0% used [0x00000000e1b00000,0x00000000e1b00000,0x00000000e2d00000)
 ParOldGen       total 79360K, used 25741K [0x0000000081e00000, 0x0000000086b80000, 0x00000000d5f80000)
  object space 79360K, 32% used [0x0000000081e00000,0x0000000083723610,0x0000000086b80000)
 Metaspace       used 24020K, capacity 24692K, committed 24832K, reserved 1071104K
  class space    used 2804K, capacity 3007K, committed 3072K, reserved 1048576K
}
Event: 21.116 GC heap before
{Heap before GC invocations=11 (full 1):
 PSYoungGen      total 148480K, used 148459K [0x00000000d5f80000, 0x00000000e2d00000, 0x0000000100000000)
  eden space 132608K, 100% used [0x00000000d5f80000,0x00000000de100000,0x00000000de100000)
  from space 15872K, 99% used [0x00000000de100000,0x00000000df07ae80,0x00000000df080000)
  to   space 18432K, 0% used [0x00000000e1b00000,0x00000000e1b00000,0x00000000e2d00000)
 ParOldGen       total 79360K, used 25741K [0x0000000081e00000, 0x0000000086b80000, 0x00000000d5f80000)
  object space 79360K, 32% used [0x0000000081e00000,0x0000000083723610,0x0000000086b80000)
 Metaspace       used 28199K, capacity 29110K, committed 29184K, reserved 1075200K
  class space    used 3302K, capacity 3579K, committed 3584K, reserved 1048576K
Event: 21.157 GC heap after
Heap after GC invocations=11 (full 1):
 PSYoungGen      total 181248K, used 18406K [0x00000000d5f80000, 0x00000000e3f80000, 0x0000000100000000)
  eden space 162816K, 0% used [0x00000000d5f80000,0x00000000d5f80000,0x00000000dfe80000)
  from space 18432K, 99% used [0x00000000e1b00000,0x00000000e2cf9ac8,0x00000000e2d00000)
  to   space 29184K, 0% used [0x00000000dfe80000,0x00000000dfe80000,0x00000000e1b00000)
 ParOldGen       total 79360K, used 49540K [0x0000000081e00000, 0x0000000086b80000, 0x00000000d5f80000)
  object space 79360K, 62% used [0x0000000081e00000,0x0000000084e61368,0x0000000086b80000)
 Metaspace       used 28199K, capacity 29110K, committed 29184K, reserved 1075200K
  class space    used 3302K, capacity 3579K, committed 3584K, reserved 1048576K
}
Event: 26.377 GC heap before
{Heap before GC invocations=12 (full 1):
 PSYoungGen      total 181248K, used 100064K [0x00000000d5f80000, 0x00000000e3f80000, 0x0000000100000000)
  eden space 162816K, 50% used [0x00000000d5f80000,0x00000000daf3e8c8,0x00000000dfe80000)
  from space 18432K, 99% used [0x00000000e1b00000,0x00000000e2cf9ac8,0x00000000e2d00000)
  to   space 29184K, 0% used [0x00000000dfe80000,0x00000000dfe80000,0x00000000e1b00000)
 ParOldGen       total 79360K, used 49540K [0x0000000081e00000, 0x0000000086b80000, 0x00000000d5f80000)
  object space 79360K, 62% used [0x0000000081e00000,0x0000000084e61368,0x0000000086b80000)
 Metaspace       used 31376K, capacity 32406K, committed 32512K, reserved 1077248K
  class space    used 3720K, capacity 4039K, committed 4096K, reserved 1048576K
Event: 26.400 GC heap after
Heap after GC invocations=12 (full 1):
 PSYoungGen      total 192000K, used 8169K [0x00000000d5f80000, 0x00000000e3e80000, 0x0000000100000000)
  eden space 162816K, 0% used [0x00000000d5f80000,0x00000000d5f80000,0x00000000dfe80000)
  from space 29184K, 27% used [0x00000000dfe80000,0x00000000e067a460,0x00000000e1b00000)
  to   space 28672K, 0% used [0x00000000e2280000,0x00000000e2280000,0x00000000e3e80000)
 ParOldGen       total 79360K, used 70230K [0x0000000081e00000, 0x0000000086b80000, 0x00000000d5f80000)
  object space 79360K, 88% used [0x0000000081e00000,0x00000000862959d8,0x0000000086b80000)
 Metaspace       used 31376K, capacity 32406K, committed 32512K, reserved 1077248K
  class space    used 3720K, capacity 4039K, committed 4096K, reserved 1048576K
}
Event: 26.400 GC heap before
{Heap before GC invocations=13 (full 2):
 PSYoungGen      total 192000K, used 8169K [0x00000000d5f80000, 0x00000000e3e80000, 0x0000000100000000)
  eden space 162816K, 0% used [0x00000000d5f80000,0x00000000d5f80000,0x00000000dfe80000)
  from space 29184K, 27% used [0x00000000dfe80000,0x00000000e067a460,0x00000000e1b00000)
  to   space 28672K, 0% used [0x00000000e2280000,0x00000000e2280000,0x00000000e3e80000)
 ParOldGen       total 79360K, used 70230K [0x0000000081e00000, 0x0000000086b80000, 0x00000000d5f80000)
  object space 79360K, 88% used [0x0000000081e00000,0x00000000862959d8,0x0000000086b80000)
 Metaspace       used 31376K, capacity 32406K, committed 32512K, reserved 1077248K
  class space    used 3720K, capacity 4039K, committed 4096K, reserved 1048576K
Event: 26.695 GC heap after
Heap after GC invocations=13 (full 2):
 PSYoungGen      total 192000K, used 0K [0x00000000d5f80000, 0x00000000e3e80000, 0x0000000100000000)
  eden space 162816K, 0% used [0x00000000d5f80000,0x00000000d5f80000,0x00000000dfe80000)
  from space 29184K, 0% used [0x00000000dfe80000,0x00000000dfe80000,0x00000000e1b00000)
  to   space 28672K, 0% used [0x00000000e2280000,0x00000000e2280000,0x00000000e3e80000)
 ParOldGen       total 79360K, used 40397K [0x0000000081e00000, 0x0000000086b80000, 0x00000000d5f80000)
  object space 79360K, 50% used [0x0000000081e00000,0x0000000084573748,0x0000000086b80000)
 Metaspace       used 30005K, capacity 30946K, committed 32512K, reserved 1077248K
  class space    used 3541K, capacity 3832K, committed 4096K, reserved 1048576K
}

